<?xml version="1.0" encoding="UTF-8"?>
<!-- Generated by org.testng.reporters.JUnitReportReporter -->
<testsuite hostname="Nikhil" failures="0" tests="1" name="com.flipkart.test.TC_01_Test" time="7.979" errors="0" timestamp="2023-09-20T16:44:09 IST" skipped="0">
  <testcase classname="com.flipkart.test.TC_01_Test" name="fetchPriceOfMensKurta" time="7.979"/>
  <system-out/>
</testsuite> <!-- com.flipkart.test.TC_01_Test -->
