<?xml version="1.0" encoding="UTF-8"?>
<!-- Generated by org.testng.reporters.JUnitReportReporter -->
<testsuite hostname="Nikhil" failures="0" tests="1" name="com.flipkart.test.TC_02_Test" time="13.843" errors="0" timestamp="2023-09-15T14:56:58 IST" skipped="0">
  <testcase classname="com.flipkart.test.TC_02_Test" name="fetchProductDetails" time="13.843"/>
  <system-out/>
</testsuite> <!-- com.flipkart.test.TC_02_Test -->
